# ============================================================
# Bug Report - Auto Collected by aiFuzzer
# Backend: PyTorch.compile (daemon)
# Seed: 1784161488197
# Timestamp: 20260716_082534
# Exit code: 1
# Elapsed: 144ms
# ============================================================

--- STDOUT ---


--- STDERR ---
Traceback (most recent call last):
  File "/home/xyzboom/Code/kotlin/aiFuzzer/pytorch_daemon.py", line 91, in run_source
    exec(source, {
  File "<string>", line 111, in <module>
  File "/home/xyzboom/Programs/miniconda3/envs/aifuzzer/lib/python3.11/site-packages/torch/_dynamo/eval_frame.py", line 511, in __call__
    return super().__call__(*args, **kwargs)
           ^^^^^^^^^^^^^^^^^^^^^^^^^^^^^^^^^
  File "/home/xyzboom/Programs/miniconda3/envs/aifuzzer/lib/python3.11/site-packages/torch/nn/modules/module.py", line 1778, in _wrapped_call_impl
    return self._call_impl(*args, **kwargs)
           ^^^^^^^^^^^^^^^^^^^^^^^^^^^^^^^^
  File "/home/xyzboom/Programs/miniconda3/envs/aifuzzer/lib/python3.11/site-packages/torch/nn/modules/module.py", line 1789, in _call_impl
    return forward_call(*args, **kwargs)
           ^^^^^^^^^^^^^^^^^^^^^^^^^^^^^
  File "/home/xyzboom/Programs/miniconda3/envs/aifuzzer/lib/python3.11/site-packages/torch/_dynamo/eval_frame.py", line 1166, in compile_wrapper
    result = fn(*args, **kwargs)
             ^^^^^^^^^^^^^^^^^^^
  File "/home/xyzboom/Programs/miniconda3/envs/aifuzzer/lib/python3.11/site-packages/torch/nn/modules/module.py", line 1778, in _wrapped_call_impl
    return self._call_impl(*args, **kwargs)
           ^^^^^^^^^^^^^^^^^^^^^^^^^^^^^^^^
  File "/home/xyzboom/Programs/miniconda3/envs/aifuzzer/lib/python3.11/site-packages/torch/nn/modules/module.py", line 1789, in _call_impl
    return forward_call(*args, **kwargs)
           ^^^^^^^^^^^^^^^^^^^^^^^^^^^^^
  File "/home/xyzboom/Programs/miniconda3/envs/aifuzzer/lib/python3.11/site-packages/torch/_dynamo/convert_frame.py", line 2628, in __call__
    result = self._torchdynamo_orig_backend(
             ^^^^^^^^^^^^^^^^^^^^^^^^^^^^^^^
  File "/home/xyzboom/Programs/miniconda3/envs/aifuzzer/lib/python3.11/site-packages/torch/_dynamo/convert_frame.py", line 2319, in __call__
    result = self._inner_convert(
             ^^^^^^^^^^^^^^^^^^^^
  File "/home/xyzboom/Programs/miniconda3/envs/aifuzzer/lib/python3.11/site-packages/torch/_dynamo/convert_frame.py", line 777, in __call__
    result = _compile(
             ^^^^^^^^^
  File "/home/xyzboom/Programs/miniconda3/envs/aifuzzer/lib/python3.11/site-packages/torch/_dynamo/convert_frame.py", line 2102, in _compile
    guarded_code, tracer_output = compile_inner(code, one_graph, hooks)
                                  ^^^^^^^^^^^^^^^^^^^^^^^^^^^^^^^^^^^^^
  File "/home/xyzboom/Programs/miniconda3/envs/aifuzzer/lib/python3.11/site-packages/torch/_utils_internal.py", line 96, in wrapper_function
    return function(*args, **kwargs)
           ^^^^^^^^^^^^^^^^^^^^^^^^^
  File "/home/xyzboom/Programs/miniconda3/envs/aifuzzer/lib/python3.11/site-packages/torch/_dynamo/convert_frame.py", line 1687, in compile_inner
    result = _compile_inner(code, one_graph, hooks)
             ^^^^^^^^^^^^^^^^^^^^^^^^^^^^^^^^^^^^^^
  File "/home/xyzboom/Programs/miniconda3/envs/aifuzzer/lib/python3.11/site-packages/torch/_dynamo/convert_frame.py", line 1747, in _compile_inner
    dynamo_output = compile_frame(
                    ^^^^^^^^^^^^^^
  File "/home/xyzboom/Programs/miniconda3/envs/aifuzzer/lib/python3.11/site-packages/torch/_dynamo/convert_frame.py", line 1584, in compile_frame
    bytecode, tracer_output = transform_code_object(code, transform)
                              ^^^^^^^^^^^^^^^^^^^^^^^^^^^^^^^^^^^^^^
  File "/home/xyzboom/Programs/miniconda3/envs/aifuzzer/lib/python3.11/site-packages/torch/_dynamo/bytecode_transformation.py", line 1821, in transform_code_object
    tracer_output = transformations(instructions, code_options)
                    ^^^^^^^^^^^^^^^^^^^^^^^^^^^^^^^^^^^^^^^^^^^
  File "/home/xyzboom/Programs/miniconda3/envs/aifuzzer/lib/python3.11/site-packages/torch/_dynamo/convert_frame.py", line 1555, in transform
    tracer_output = trace_frame(
                    ^^^^^^^^^^^^
  File "/home/xyzboom/Programs/miniconda3/envs/aifuzzer/lib/python3.11/site-packages/torch/_dynamo/convert_frame.py", line 368, in _fn
    return fn(*args, **kwargs)
           ^^^^^^^^^^^^^^^^^^^
  File "/home/xyzboom/Programs/miniconda3/envs/aifuzzer/lib/python3.11/site-packages/torch/_dynamo/convert_frame.py", line 954, in trace_frame
    run_tracer()
  File "/home/xyzboom/Programs/miniconda3/envs/aifuzzer/lib/python3.11/site-packages/torch/_dynamo/convert_frame.py", line 935, in run_tracer
    tracer.run()
  File "/home/xyzboom/Programs/miniconda3/envs/aifuzzer/lib/python3.11/site-packages/torch/_dynamo/symbolic_convert.py", line 1950, in run
    while self.step():
          ^^^^^^^^^^^
  File "/home/xyzboom/Programs/miniconda3/envs/aifuzzer/lib/python3.11/site-packages/torch/_dynamo/symbolic_convert.py", line 1603, in step
    self.dispatch_table[inst.opcode](self, inst)
  File "/home/xyzboom/Programs/miniconda3/envs/aifuzzer/lib/python3.11/site-packages/torch/_dynamo/symbolic_convert.py", line 5616, in RETURN_VALUE
    self._return(inst)
  File "/home/xyzboom/Programs/miniconda3/envs/aifuzzer/lib/python3.11/site-packages/torch/_dynamo/symbolic_convert.py", line 5589, in _return
    all_stack_locals_metadata = self.output.compile_subgraph(
                                ^^^^^^^^^^^^^^^^^^^^^^^^^^^^^
  File "/home/xyzboom/Programs/miniconda3/envs/aifuzzer/lib/python3.11/site-packages/torch/_dynamo/output_graph.py", line 2234, in compile_subgraph
    instructions, subgraph_pycode = self.compile_and_call_fx_graph(
                                    ^^^^^^^^^^^^^^^^^^^^^^^^^^^^^^^
  File "/home/xyzboom/Programs/miniconda3/envs/aifuzzer/lib/python3.11/site-packages/torch/_dynamo/output_graph.py", line 2880, in compile_and_call_fx_graph
    compiled_fn = self.call_user_compiler(gm, self.example_inputs())
                  ^^^^^^^^^^^^^^^^^^^^^^^^^^^^^^^^^^^^^^^^^^^^^^^^^^
  File "/home/xyzboom/Programs/miniconda3/envs/aifuzzer/lib/python3.11/site-packages/torch/_dynamo/output_graph.py", line 3057, in call_user_compiler
    return self._call_user_compiler(gm, example_inputs)
           ^^^^^^^^^^^^^^^^^^^^^^^^^^^^^^^^^^^^^^^^^^^^
  File "/home/xyzboom/Programs/miniconda3/envs/aifuzzer/lib/python3.11/site-packages/torch/_dynamo/output_graph.py", line 3119, in _call_user_compiler
    compiled_fn = compiler_fn(gm, example_inputs)
                  ^^^^^^^^^^^^^^^^^^^^^^^^^^^^^^^
  File "/home/xyzboom/Programs/miniconda3/envs/aifuzzer/lib/python3.11/site-packages/torch/_dynamo/repro/after_dynamo.py", line 159, in __call__
    compiled_gm = compiler_fn(gm, example_inputs)
                  ^^^^^^^^^^^^^^^^^^^^^^^^^^^^^^^
  File "/home/xyzboom/Programs/miniconda3/envs/aifuzzer/lib/python3.11/site-packages/torch/__init__.py", line 2489, in __call__
    return compile_fx(
           ^^^^^^^^^^^
  File "/home/xyzboom/Programs/miniconda3/envs/aifuzzer/lib/python3.11/site-packages/torch/_inductor/compile_fx.py", line 2782, in compile_fx
    return _maybe_wrap_and_compile_fx_main(
           ^^^^^^^^^^^^^^^^^^^^^^^^^^^^^^^^
  File "/home/xyzboom/Programs/miniconda3/envs/aifuzzer/lib/python3.11/site-packages/torch/_inductor/compile_fx.py", line 2863, in _maybe_wrap_and_compile_fx_main
    return _compile_fx_main(
           ^^^^^^^^^^^^^^^^^
  File "/home/xyzboom/Programs/miniconda3/envs/aifuzzer/lib/python3.11/site-packages/torch/_inductor/compile_fx.py", line 3061, in _compile_fx_main
    return dynamo_common.aot_autograd(
           ^^^^^^^^^^^^^^^^^^^^^^^^^^^
  File "/home/xyzboom/Programs/miniconda3/envs/aifuzzer/lib/python3.11/site-packages/torch/_dynamo/backends/common.py", line 123, in __call__
    cg = aot_module_simplified(gm, example_inputs, **self.kwargs)
         ^^^^^^^^^^^^^^^^^^^^^^^^^^^^^^^^^^^^^^^^^^^^^^^^^^^^^^^^
  File "/home/xyzboom/Programs/miniconda3/envs/aifuzzer/lib/python3.11/site-packages/torch/_functorch/aot_autograd.py", line 1238, in aot_module_simplified
    compiled_fn, _ = aot_stage2_compile(
                     ^^^^^^^^^^^^^^^^^^^
  File "/home/xyzboom/Programs/miniconda3/envs/aifuzzer/lib/python3.11/site-packages/torch/_functorch/_aot_autograd/graph_compile.py", line 364, in aot_stage2_compile
    return aot_stage2_inference(
           ^^^^^^^^^^^^^^^^^^^^^
  File "/home/xyzboom/Programs/miniconda3/envs/aifuzzer/lib/python3.11/site-packages/torch/_functorch/_aot_autograd/graph_compile.py", line 488, in aot_stage2_inference
    compiled_fw = _aot_stage2b_inference_compile(
                  ^^^^^^^^^^^^^^^^^^^^^^^^^^^^^^^
  File "/home/xyzboom/Programs/miniconda3/envs/aifuzzer/lib/python3.11/site-packages/torch/_functorch/_aot_autograd/graph_compile.py", line 415, in _aot_stage2b_inference_compile
    return _aot_stage2b_compile_forward_or_inference(
           ^^^^^^^^^^^^^^^^^^^^^^^^^^^^^^^^^^^^^^^^^^
  File "/home/xyzboom/Programs/miniconda3/envs/aifuzzer/lib/python3.11/site-packages/torch/_functorch/_aot_autograd/graph_compile.py", line 2800, in _aot_stage2b_compile_forward_or_inference
    compiled_fw_func = compiler(fw_module, adjusted_flat_args)
                       ^^^^^^^^^^^^^^^^^^^^^^^^^^^^^^^^^^^^^^^
  File "/home/xyzboom/Programs/miniconda3/envs/aifuzzer/lib/python3.11/site-packages/torch/_functorch/_aot_autograd/schemas.py", line 1472, in __call__
    output_code = self.compiler_fn(gm, example_inputs)
                  ^^^^^^^^^^^^^^^^^^^^^^^^^^^^^^^^^^^^
  File "/home/xyzboom/Programs/miniconda3/envs/aifuzzer/lib/python3.11/site-packages/torch/_inductor/compile_fx.py", line 2924, in fw_compiler_base
    return compile_fx_forward(
           ^^^^^^^^^^^^^^^^^^^
  File "/home/xyzboom/Programs/miniconda3/envs/aifuzzer/lib/python3.11/site-packages/torch/_inductor/compile_fx.py", line 2472, in compile_fx_forward
    gm = _recursive_joint_graph_passes(gm, input_device=next(iter(inputs_devices)))
         ^^^^^^^^^^^^^^^^^^^^^^^^^^^^^^^^^^^^^^^^^^^^^^^^^^^^^^^^^^^^^^^^^^^^^^^^^^
  File "/home/xyzboom/Programs/miniconda3/envs/aifuzzer/lib/python3.11/site-packages/torch/_inductor/compile_fx.py", line 558, in _recursive_joint_graph_passes
    out_gm = joint_graph_passes(gm, input_device)
             ^^^^^^^^^^^^^^^^^^^^^^^^^^^^^^^^^^^^
  File "/home/xyzboom/Programs/miniconda3/envs/aifuzzer/lib/python3.11/site-packages/torch/_inductor/fx_passes/joint_graph.py", line 702, in joint_graph_passes
    ).apply_graph_pass(patterns.apply)
      ^^^^^^^^^^^^^^^^^^^^^^^^^^^^^^^^
  File "/home/xyzboom/Programs/miniconda3/envs/aifuzzer/lib/python3.11/site-packages/torch/fx/passes/graph_transform_observer.py", line 103, in apply_graph_pass
    return pass_fn(self.gm.graph)
           ^^^^^^^^^^^^^^^^^^^^^^
  File "/home/xyzboom/Programs/miniconda3/envs/aifuzzer/lib/python3.11/site-packages/torch/_inductor/pattern_matcher.py", line 2415, in apply
    if is_match(m) and guard_or_false(entry.extra_check(m)):
                                      ^^^^^^^^^^^^^^^^^^^^
  File "/home/xyzboom/Programs/miniconda3/envs/aifuzzer/lib/python3.11/site-packages/torch/_inductor/fx_passes/joint_graph.py", line 1021, in _other_is_broadcasted_in_dim
    return all(statically_known_true(other_shape[d] == 1) for d in dim)
           ^^^^^^^^^^^^^^^^^^^^^^^^^^^^^^^^^^^^^^^^^^^^^^^^^^^^^^^^^^^^
  File "/home/xyzboom/Programs/miniconda3/envs/aifuzzer/lib/python3.11/site-packages/torch/_inductor/fx_passes/joint_graph.py", line 1021, in <genexpr>
    return all(statically_known_true(other_shape[d] == 1) for d in dim)
                                     ~~~~~~~~~~~^^^
IndexError: list index out of range

Set TORCHDYNAMO_VERBOSE=1 for the internal stack trace (please do this especially if you're reporting a bug to PyTorch). For even more developer context, set TORCH_LOGS="+dynamo"
