# ============================================================
# Bug Report - Auto Collected by aiFuzzer
# Backend: TVM Relax (daemon)
# Seed: 1784167669899
# Timestamp: 20260716_100832
# Exit code: 1
# Elapsed: 264ms
# ============================================================

--- STDOUT ---
Module built successfully

--- STDERR ---
Traceback (most recent call last):
  File "/home/xyzboom/Code/kotlin/aiFuzzer/tvm_daemon.py", line 72, in run_source
    exec(source, {"tvm": tvm, "relax": relax, "op": op})
  File "<string>", line 184, in <module>
  File "/home/xyzboom/Programs/miniconda3/envs/aifuzzer/lib/python3.11/site-packages/tvm/relax/vm_build.py", line 276, in build
    return _vmlink(
           ^^^^^^^^
  File "/home/xyzboom/Programs/miniconda3/envs/aifuzzer/lib/python3.11/site-packages/tvm/relax/vm_build.py", line 157, in _vmlink
    lib = tvm.tirx.build(tir_mod, target=target, pipeline=tir_pipeline)
          ^^^^^^^^^^^^^^^^^^^^^^^^^^^^^^^^^^^^^^^^^^^^^^^^^^^^^^^^^^^^^
  File "/home/xyzboom/Programs/miniconda3/envs/aifuzzer/lib/python3.11/site-packages/tvm/tirx/build.py", line 240, in build
    return tir_to_runtime(host_mod, device_mod_dict, target_host)
           ^^^^^^^^^^^^^^^^^^^^^^^^^^^^^^^^^^^^^^^^^^^^^^^^^^^^^^
  File "/home/xyzboom/Programs/miniconda3/envs/aifuzzer/lib/python3.11/site-packages/tvm/tirx/build.py", line 148, in tir_to_runtime
    mhost = codegen_build(mhost_all, target_host)
            ^^^^^^^^^^^^^^^^^^^^^^^^^^^^^^^^^^^^^
  File "/home/xyzboom/Programs/miniconda3/envs/aifuzzer/lib/python3.11/site-packages/tvm/tirx/build.py", line 130, in codegen_build
    return bf(mod, target)
           ^^^^^^^^^^^^^^^
  File "python/tvm_ffi/cython/function.pxi", line 968, in tvm_ffi.core.Function.__call__
  File "/project/src/target/llvm/codegen_llvm.cc", line 346, in void tvm::codegen::CodeGenLLVM::Verify() const
tvm.error.InternalError: LLVM module verification failed with the following errors: 
Instruction does not dominate all uses!
  %314 = shufflevector <4 x float> %287, <4 x float> %311, <2 x i32> <i32 2, i32 6>
  %90 = shufflevector <2 x float> %314, <2 x float> %89, <4 x i32> <i32 0, i32 1, i32 2, i32 3>
