# ============================================================
# Bug Report - Auto Collected by aiFuzzer
# Backend: ONNX Runtime (daemon)
# Seed: 1382
# Timestamp: 20260719_085507
# Exit code: 1
# Elapsed: 127ms
# ============================================================

--- STDOUT ---


--- STDERR ---
Traceback (most recent call last):
  File "/tmp/tmprb9fby0o.py", line 107, in <module>
    run_graph_0()
  File "/tmp/tmprb9fby0o.py", line 97, in run_graph_0
    _sess = ort.InferenceSession(_model.SerializeToString())
            ^^^^^^^^^^^^^^^^^^^^^^^^^^^^^^^^^^^^^^^^^^^^^^^^
  File "/home/xyzboom/Programs/miniconda3/envs/aifuzzer/lib/python3.11/site-packages/onnxruntime/capi/onnxruntime_inference_collection.py", line 528, in __init__
    self._create_inference_session(providers, provider_options, disabled_optimizers)
  File "/home/xyzboom/Programs/miniconda3/envs/aifuzzer/lib/python3.11/site-packages/onnxruntime/capi/onnxruntime_inference_collection.py", line 634, in _create_inference_session
    sess.initialize_session(providers, provider_options, disabled_optimizers)
onnxruntime.capi.onnxruntime_pybind11_state.InvalidArgument: [ONNXRuntimeError] : 2 : INVALID_ARGUMENT : Invalid model. Node input 'tv_9_8l3ue2pe_nm' is not a graph input, initializer, or output of a previous node.
